<?xml version="1.0" encoding="UTF-8"?>
<!-- Generated by org.testng.reporters.JUnitReportReporter -->
<testsuite hostname="LAPTOP-TVEPHTU8" failures="0" tests="1" name="Maven_Testng_Project.LoginPage" time="15.650" errors="0" timestamp="2024-10-08T08:09:59 IST" skipped="0">
  <testcase classname="Maven_Testng_Project.LoginPage" name="f" time="15.650"/>
  <system-out/>
</testsuite> <!-- Maven_Testng_Project.LoginPage -->
